Using pre-set license
Built from '2022.3/china_unity/release' branch; Version is '2022.3.13f1c1 (d214d547af8b) revision 13767893'; Using compiler version '192829333'; Build Type 'Release'
OS: 'Windows 11  (10.0.26200) 64bit Core' Language: 'zh' Physical Memory: 32497 MB
BatchMode: 1, IsHumanControllingUs: 0, StartBugReporterOnCrash: 0, Is64bit: 1, IsPro: 1

COMMAND LINE ARGUMENTS:
C:\Program Files\Unity\Hub\Editor\2022.3.13f1c1\Editor\Unity.exe
-adb2
-batchMode
-noUpm
-name
AssetImportWorker4
-projectPath
D:/unity/My project
-logFile
Logs/AssetImportWorker4.log
-srvPort
65091
Successfully changed project path to: D:/unity/My project
D:/unity/My project
[UnityMemory] Configuration Parameters - Can be set up in boot.config
    "memorysetup-bucket-allocator-granularity=16"
    "memorysetup-bucket-allocator-bucket-count=8"
    "memorysetup-bucket-allocator-block-size=33554432"
    "memorysetup-bucket-allocator-block-count=8"
    "memorysetup-main-allocator-block-size=16777216"
    "memorysetup-thread-allocator-block-size=16777216"
    "memorysetup-gfx-main-allocator-block-size=16777216"
    "memorysetup-gfx-thread-allocator-block-size=16777216"
    "memorysetup-cache-allocator-block-size=4194304"
    "memorysetup-typetree-allocator-block-size=2097152"
    "memorysetup-profiler-bucket-allocator-granularity=16"
    "memorysetup-profiler-bucket-allocator-bucket-count=8"
    "memorysetup-profiler-bucket-allocator-block-size=33554432"
    "memorysetup-profiler-bucket-allocator-block-count=8"
    "memorysetup-profiler-allocator-block-size=16777216"
    "memorysetup-profiler-editor-allocator-block-size=1048576"
    "memorysetup-temp-allocator-size-main=16777216"
    "memorysetup-job-temp-allocator-block-size=2097152"
    "memorysetup-job-temp-allocator-block-size-background=1048576"
    "memorysetup-job-temp-allocator-reduction-small-platforms=262144"
    "memorysetup-allocator-temp-initial-block-size-main=262144"
    "memorysetup-allocator-temp-initial-block-size-worker=262144"
    "memorysetup-temp-allocator-size-background-worker=32768"
    "memorysetup-temp-allocator-size-job-worker=262144"
    "memorysetup-temp-allocator-size-preload-manager=33554432"
    "memorysetup-temp-allocator-size-nav-mesh-worker=65536"
    "memorysetup-temp-allocator-size-audio-worker=65536"
    "memorysetup-temp-allocator-size-cloud-worker=32768"
    "memorysetup-temp-allocator-size-gi-baking-worker=262144"
    "memorysetup-temp-allocator-size-gfx=262144"
Player connection [42176] Host "[IP] 198.18.0.1 [Port] 0 [Flags] 2 [Guid] 2359229739 [EditorId] 2359229739 [Version] 1048832 [Id] WindowsEditor(7,DESKTOP-FFLERAM) [Debug] 1 [PackageName] WindowsEditor [ProjectName] Editor" joined multi-casting on [225.0.0.222:54997]...

Player connection [42176] Host "[IP] 198.18.0.1 [Port] 0 [Flags] 2 [Guid] 2359229739 [EditorId] 2359229739 [Version] 1048832 [Id] WindowsEditor(7,DESKTOP-FFLERAM) [Debug] 1 [PackageName] WindowsEditor [ProjectName] Editor" joined alternative multi-casting on [225.0.0.222:34997]...

[Physics::Module] Initialized MultithreadedJobDispatcher with 15 workers.
Refreshing native plugins compatible for Editor in 10.11 ms, found 4 plugins.
Preloading 0 native plugins for Editor in 0.00 ms.
Initialize engine version: 2022.3.13f1c1 (d214d547af8b)
[Subsystems] Discovering subsystems at path C:/Program Files/Unity/Hub/Editor/2022.3.13f1c1/Editor/Data/Resources/UnitySubsystems
[Subsystems] Discovering subsystems at path D:/unity/My project/Assets
GfxDevice: creating device client; threaded=0; jobified=0
Direct3D:
    Version:  Direct3D 11.0 [level 11.1]
    Renderer: NVIDIA GeForce RTX 4060 Laptop GPU (ID=0x28a0)
    Vendor:   NVIDIA
    VRAM:     7957 MB
    Driver:   32.0.15.7680
Initialize mono
Mono path[0] = 'C:/Program Files/Unity/Hub/Editor/2022.3.13f1c1/Editor/Data/Managed'
Mono path[1] = 'C:/Program Files/Unity/Hub/Editor/2022.3.13f1c1/Editor/Data/MonoBleedingEdge/lib/mono/unityjit-win32'
Mono config path = 'C:/Program Files/Unity/Hub/Editor/2022.3.13f1c1/Editor/Data/MonoBleedingEdge/etc'
Using monoOptions --debugger-agent=transport=dt_socket,embedding=1,server=y,suspend=n,address=127.0.0.1:56692
Begin MonoManager ReloadAssembly
Registering precompiled unity dll's ...
Register platform support module: C:/Program Files/Unity/Hub/Editor/2022.3.13f1c1/Editor/Data/PlaybackEngines/WebGLSupport/UnityEditor.WebGL.Extensions.dll
Register platform support module: C:/Program Files/Unity/Hub/Editor/2022.3.13f1c1/Editor/Data/PlaybackEngines/WindowsStandaloneSupport/UnityEditor.WindowsStandalone.Extensions.dll
Registered in 0.007833 seconds.
- Loaded All Assemblies, in  0.292 seconds
Native extension for WindowsStandalone target not found
Native extension for WebGL target not found
Mono: successfully reloaded assembly
- Finished resetting the current domain, in  0.215 seconds
Domain Reload Profiling: 505ms
	BeginReloadAssembly (75ms)
		ExecutionOrderSort (0ms)
		DisableScriptedObjects (0ms)
		BackupInstance (0ms)
		ReleaseScriptingObjects (0ms)
		CreateAndSetChildDomain (1ms)
	RebuildCommonClasses (31ms)
	RebuildNativeTypeToScriptingClass (8ms)
	initialDomainReloadingComplete (51ms)
	LoadAllAssembliesAndSetupDomain (123ms)
		LoadAssemblies (74ms)
		RebuildTransferFunctionScriptingTraits (0ms)
		AnalyzeDomain (122ms)
			TypeCache.Refresh (121ms)
				TypeCache.ScanAssembly (110ms)
			ScanForSourceGeneratedMonoScriptInfo (0ms)
			ResolveRequiredComponents (0ms)
	FinalizeReload (215ms)
		ReleaseScriptCaches (0ms)
		RebuildScriptCaches (0ms)
		SetupLoadedEditorAssemblies (165ms)
			LogAssemblyErrors (0ms)
			InitializePlatformSupportModulesInManaged (9ms)
			SetLoadedEditorAssemblies (6ms)
			RefreshPlugins (0ms)
			BeforeProcessingInitializeOnLoad (2ms)
			ProcessInitializeOnLoadAttributes (109ms)
			ProcessInitializeOnLoadMethodAttributes (39ms)
			AfterProcessingInitializeOnLoad (0ms)
			EditorAssembliesLoaded (0ms)
		ExecutionOrderSort2 (0ms)
		AwakeInstancesAfterBackupRestoration (0ms)
========================================================================
Worker process is ready to serve import requests
Begin MonoManager ReloadAssembly
- Loaded All Assemblies, in  0.440 seconds
Refreshing native plugins compatible for Editor in 2.54 ms, found 4 plugins.
Native extension for WindowsStandalone target not found
Native extension for WebGL target not found
Package Manager log level set to [2]
[Package Manager] Server::EnsureServerProcessIsRunning -- launch failed, reason: Unity was launched with the -noUpm command-line argument
[Package Manager] UpmClient::Send -- Unable to send message (not connected to UPM process).
[Package Manager] Cannot connect to Unity Package Manager local server
Mono: successfully reloaded assembly
- Finished resetting the current domain, in  0.499 seconds
Domain Reload Profiling: 937ms
	BeginReloadAssembly (92ms)
		ExecutionOrderSort (0ms)
		DisableScriptedObjects (3ms)
		BackupInstance (0ms)
		ReleaseScriptingObjects (0ms)
		CreateAndSetChildDomain (13ms)
	RebuildCommonClasses (22ms)
	RebuildNativeTypeToScriptingClass (7ms)
	initialDomainReloadingComplete (31ms)
	LoadAllAssembliesAndSetupDomain (286ms)
		LoadAssemblies (217ms)
		RebuildTransferFunctionScriptingTraits (0ms)
		AnalyzeDomain (121ms)
			TypeCache.Refresh (101ms)
				TypeCache.ScanAssembly (90ms)
			ScanForSourceGeneratedMonoScriptInfo (15ms)
			ResolveRequiredComponents (4ms)
	FinalizeReload (499ms)
		ReleaseScriptCaches (0ms)
		RebuildScriptCaches (0ms)
		SetupLoadedEditorAssemblies (387ms)
			LogAssemblyErrors (0ms)
			InitializePlatformSupportModulesInManaged (5ms)
			SetLoadedEditorAssemblies (4ms)
			RefreshPlugins (0ms)
			BeforeProcessingInitializeOnLoad (75ms)
			ProcessInitializeOnLoadAttributes (272ms)
			ProcessInitializeOnLoadMethodAttributes (25ms)
			AfterProcessingInitializeOnLoad (5ms)
			EditorAssembliesLoaded (0ms)
		ExecutionOrderSort2 (0ms)
		AwakeInstancesAfterBackupRestoration (6ms)
Launched and connected shader compiler UnityShaderCompiler.exe after 0.05 seconds
Refreshing native plugins compatible for Editor in 4.63 ms, found 4 plugins.
Preloading 0 native plugins for Editor in 0.00 ms.
Unloading 4209 Unused Serialized files (Serialized files now loaded: 0)
Unloading 83 unused Assets / (316.8 KB). Loaded Objects now: 4664.
Memory consumption went from 156.8 MB to 156.5 MB.
Total: 3.206400 ms (FindLiveObjects: 0.195600 ms CreateObjectMapping: 0.096800 ms MarkObjects: 2.696500 ms  DeleteObjects: 0.216400 ms)

AssetImportParameters requested are different than current active one (requested -> active):
  custom:container-demuxer-ogg: 62fdf1f143b41e24485cea50d1cbac27 -> 
  custom:video-codec-MediaFoundation-h265: 746d11721c4dcdbdad8f713fa42b33f4 -> 
  custom:video-decoder-ogg-theora: a1e56fd34408186e4bbccfd4996cb3dc -> 
  custom:framework-win-MediaFoundation: 216162199b28c13a410421893ffa2e32 -> 
  custom:CustomObjectIndexerAttribute: 756ad292c208cfabdd7b50bc23989ffe -> 
  custom:container-demuxer-webm: 4f35f7cbe854078d1ac9338744f61a02 -> 
  custom:container-muxer-webm: aa71ff27fc2769a1b78a27578f13a17b -> 
  custom:video-decoder-webm-vp8: 9c59270c3fd7afecdb556c50c9e8de78 -> 
  custom:SearchIndexIgnoredProperties: e643bd26f0fe6173181afceb89e7c659 -> 
  custom:AudioImporter_EditorPlatform: d09bf68614088b80899f8185d706f6e7 -> 
  custom:video-encoder-webm-vp8: eb34c28f22e8b96e1ab97ce403110664 -> 
  custom:audio-decoder-ogg-vorbis: bf7c407c2cedff20999df2af8eb42d56 -> 
  custom:audio-encoder-webm-vorbis: bf7c407c2cedff20999df2af8eb42d56 -> 
========================================================================
Received Import Request.
  Time since last request: 266129.696076 seconds.
  path: Assets/Art/Player/Demon/Moving/1.png
  artifactKey: Guid(ee8f2278cef1dbe4c8070727f2efb911) Importer(815301076,1909f56bfc062723c751e8b465ee728b)
Start importing Assets/Art/Player/Demon/Moving/1.png using Guid(ee8f2278cef1dbe4c8070727f2efb911) Importer(815301076,1909f56bfc062723c751e8b465ee728b)  -> (artifact id: 'c67a2842283a14735ced929a19e7d4fa') in 0.062460 seconds
Number of updated asset objects reloaded before import = 0
Number of asset objects unloaded after import = 3
========================================================================
Received Import Request.
  Time since last request: 13.922191 seconds.
  path: Assets/Art/Player/Demon/MovingAttack/1.png
  artifactKey: Guid(d13c0b8acd7deb84e8dd4108f2038d6e) Importer(815301076,1909f56bfc062723c751e8b465ee728b)
Start importing Assets/Art/Player/Demon/MovingAttack/1.png using Guid(d13c0b8acd7deb84e8dd4108f2038d6e) Importer(815301076,1909f56bfc062723c751e8b465ee728b)  -> (artifact id: 'd867b95a9be7c830f1d34d887ae34981') in 0.013893 seconds
Number of updated asset objects reloaded before import = 0
Number of asset objects unloaded after import = 3
========================================================================
Received Import Request.
  Time since last request: 0.000069 seconds.
  path: Assets/Art/Player/Demon/MovingAttack/5.png
  artifactKey: Guid(114f029fd3cf29c49891e2db01b6c903) Importer(815301076,1909f56bfc062723c751e8b465ee728b)
Start importing Assets/Art/Player/Demon/MovingAttack/5.png using Guid(114f029fd3cf29c49891e2db01b6c903) Importer(815301076,1909f56bfc062723c751e8b465ee728b)  -> (artifact id: '4e220d83d3e7a32fcb416abb8a500e0f') in 0.019956 seconds
Number of updated asset objects reloaded before import = 0
Number of asset objects unloaded after import = 3
========================================================================
Received Prepare
Begin MonoManager ReloadAssembly
- Loaded All Assemblies, in  0.437 seconds
Refreshing native plugins compatible for Editor in 3.02 ms, found 4 plugins.
Native extension for WindowsStandalone target not found
Native extension for WebGL target not found
[Package Manager] Server::EnsureServerProcessIsRunning -- launch failed, reason: Unity was launched with the -noUpm command-line argument
[Package Manager] UpmClient::Send -- Unable to send message (not connected to UPM process).
[Package Manager] Cannot connect to Unity Package Manager local server
Mono: successfully reloaded assembly
- Finished resetting the current domain, in  0.783 seconds
Domain Reload Profiling: 1217ms
	BeginReloadAssembly (146ms)
		ExecutionOrderSort (0ms)
		DisableScriptedObjects (8ms)
		BackupInstance (0ms)
		ReleaseScriptingObjects (0ms)
		CreateAndSetChildDomain (31ms)
	RebuildCommonClasses (29ms)
	RebuildNativeTypeToScriptingClass (10ms)
	initialDomainReloadingComplete (29ms)
	LoadAllAssembliesAndSetupDomain (219ms)
		LoadAssemblies (286ms)
		RebuildTransferFunctionScriptingTraits (0ms)
		AnalyzeDomain (13ms)
			TypeCache.Refresh (6ms)
				TypeCache.ScanAssembly (0ms)
			ScanForSourceGeneratedMonoScriptInfo (0ms)
			ResolveRequiredComponents (5ms)
	FinalizeReload (783ms)
		ReleaseScriptCaches (0ms)
		RebuildScriptCaches (0ms)
		SetupLoadedEditorAssemblies (386ms)
			LogAssemblyErrors (0ms)
			InitializePlatformSupportModulesInManaged (6ms)
			SetLoadedEditorAssemblies (4ms)
			RefreshPlugins (0ms)
			BeforeProcessingInitializeOnLoad (83ms)
			ProcessInitializeOnLoadAttributes (261ms)
			ProcessInitializeOnLoadMethodAttributes (26ms)
			AfterProcessingInitializeOnLoad (7ms)
			EditorAssembliesLoaded (0ms)
		ExecutionOrderSort2 (0ms)
		AwakeInstancesAfterBackupRestoration (12ms)
Refreshing native plugins compatible for Editor in 5.27 ms, found 4 plugins.
Preloading 0 native plugins for Editor in 0.00 ms.
Unloading 4189 Unused Serialized files (Serialized files now loaded: 0)
Unloading 43 unused Assets / (289.1 KB). Loaded Objects now: 4687.
Memory consumption went from 158.2 MB to 157.9 MB.
Total: 3.872600 ms (FindLiveObjects: 0.344400 ms CreateObjectMapping: 0.128100 ms MarkObjects: 3.086700 ms  DeleteObjects: 0.312100 ms)

Prepare: number of updated asset objects reloaded= 0
AssetImportParameters requested are different than current active one (requested -> active):
  custom:container-demuxer-ogg: 62fdf1f143b41e24485cea50d1cbac27 -> 
  custom:video-codec-MediaFoundation-h265: 746d11721c4dcdbdad8f713fa42b33f4 -> 
  custom:video-decoder-ogg-theora: a1e56fd34408186e4bbccfd4996cb3dc -> 
  custom:framework-win-MediaFoundation: 216162199b28c13a410421893ffa2e32 -> 
  custom:CustomObjectIndexerAttribute: 756ad292c208cfabdd7b50bc23989ffe -> 
  custom:container-demuxer-webm: 4f35f7cbe854078d1ac9338744f61a02 -> 
  custom:container-muxer-webm: aa71ff27fc2769a1b78a27578f13a17b -> 
  custom:video-decoder-webm-vp8: 9c59270c3fd7afecdb556c50c9e8de78 -> 
  custom:SearchIndexIgnoredProperties: e643bd26f0fe6173181afceb89e7c659 -> 
  custom:AudioImporter_EditorPlatform: d09bf68614088b80899f8185d706f6e7 -> 
  custom:video-encoder-webm-vp8: eb34c28f22e8b96e1ab97ce403110664 -> 
  custom:audio-decoder-ogg-vorbis: bf7c407c2cedff20999df2af8eb42d56 -> 
  custom:audio-encoder-webm-vorbis: bf7c407c2cedff20999df2af8eb42d56 -> 
========================================================================
Received Import Request.
  Time since last request: 704.202939 seconds.
  path: Assets/Art/NPC/man
  artifactKey: Guid(40ef3bd112fa4e649811c5f8db9d58c0) Importer(815301076,1909f56bfc062723c751e8b465ee728b)
Start importing Assets/Art/NPC/man using Guid(40ef3bd112fa4e649811c5f8db9d58c0) Importer(815301076,1909f56bfc062723c751e8b465ee728b)  -> (artifact id: 'ce03e3f10891791b1937341a1ddb66aa') in 0.002284 seconds
Number of updated asset objects reloaded before import = 0
Number of asset objects unloaded after import = 0
========================================================================
Received Import Request.
  Time since last request: 1.294121 seconds.
  path: Assets/Art/NPC/man/Idle
  artifactKey: Guid(d6639b4fe6a4b784cbc8d3931e60eec6) Importer(815301076,1909f56bfc062723c751e8b465ee728b)
Start importing Assets/Art/NPC/man/Idle using Guid(d6639b4fe6a4b784cbc8d3931e60eec6) Importer(815301076,1909f56bfc062723c751e8b465ee728b)  -> (artifact id: '9fdeec68fbe272c20500cb397c651c19') in 0.000840 seconds
Number of updated asset objects reloaded before import = 0
Number of asset objects unloaded after import = 0
========================================================================
Received Import Request.
  Time since last request: 0.047566 seconds.
  path: Assets/Art/NPC/man/Idle/1.png
  artifactKey: Guid(56a6925ed099e224a97b10f974bad0a3) Importer(815301076,1909f56bfc062723c751e8b465ee728b)
Start importing Assets/Art/NPC/man/Idle/1.png using Guid(56a6925ed099e224a97b10f974bad0a3) Importer(815301076,1909f56bfc062723c751e8b465ee728b)  -> (artifact id: '1ee69c7d2e84fc9984a738ab2bd3e2e2') in 0.073209 seconds
Number of updated asset objects reloaded before import = 0
Number of asset objects unloaded after import = 3
========================================================================
Received Import Request.
  Time since last request: 0.000019 seconds.
  path: Assets/Art/NPC/man/Idle/5.png
  artifactKey: Guid(6ee27c07933d80c439321ace9cd8c626) Importer(815301076,1909f56bfc062723c751e8b465ee728b)
Start importing Assets/Art/NPC/man/Idle/5.png using Guid(6ee27c07933d80c439321ace9cd8c626) Importer(815301076,1909f56bfc062723c751e8b465ee728b)  -> (artifact id: '7201abde53f63d0ade79631eb2bf9584') in 0.013893 seconds
Number of updated asset objects reloaded before import = 0
Number of asset objects unloaded after import = 3
========================================================================
Received Import Request.
  Time since last request: 0.000033 seconds.
  path: Assets/Art/NPC/man/Idle/3.png
  artifactKey: Guid(e7e67d8a2389392409d85998319d0978) Importer(815301076,1909f56bfc062723c751e8b465ee728b)
Start importing Assets/Art/NPC/man/Idle/3.png using Guid(e7e67d8a2389392409d85998319d0978) Importer(815301076,1909f56bfc062723c751e8b465ee728b)  -> (artifact id: '030df1fa584ec5a88a02d9704d51c532') in 0.013876 seconds
Number of updated asset objects reloaded before import = 0
Number of asset objects unloaded after import = 3
========================================================================
Received Import Request.
  Time since last request: 43.127874 seconds.
  path: Assets/Art/NPC/man/Moving
  artifactKey: Guid(1411a5486434ef04bb5c315a11cf44a6) Importer(815301076,1909f56bfc062723c751e8b465ee728b)
Start importing Assets/Art/NPC/man/Moving using Guid(1411a5486434ef04bb5c315a11cf44a6) Importer(815301076,1909f56bfc062723c751e8b465ee728b)  -> (artifact id: '7a52758242384ba4aad70f6c3a2ba7b3') in 0.000603 seconds
Number of updated asset objects reloaded before import = 0
Number of asset objects unloaded after import = 0
========================================================================
Received Import Request.
  Time since last request: 0.050476 seconds.
  path: Assets/Art/NPC/man/Moving/1.png
  artifactKey: Guid(e8694c4c47892d34199e26e41a0f2cb9) Importer(815301076,1909f56bfc062723c751e8b465ee728b)
Start importing Assets/Art/NPC/man/Moving/1.png using Guid(e8694c4c47892d34199e26e41a0f2cb9) Importer(815301076,1909f56bfc062723c751e8b465ee728b)  -> (artifact id: 'e93b316b2c383e2874a192762bf7c4c3') in 0.013603 seconds
Number of updated asset objects reloaded before import = 0
Number of asset objects unloaded after import = 3
========================================================================
Received Import Request.
  Time since last request: 0.000021 seconds.
  path: Assets/Art/NPC/man/Moving/4.png
  artifactKey: Guid(2d4ef55fe42b83c4cbd172c4ba6fbcb6) Importer(815301076,1909f56bfc062723c751e8b465ee728b)
Start importing Assets/Art/NPC/man/Moving/4.png using Guid(2d4ef55fe42b83c4cbd172c4ba6fbcb6) Importer(815301076,1909f56bfc062723c751e8b465ee728b)  -> (artifact id: '1117a124e06a2cd23774838ad0a1d68a') in 0.010422 seconds
Number of updated asset objects reloaded before import = 0
Number of asset objects unloaded after import = 3
========================================================================
Received Import Request.
  Time since last request: 20.400506 seconds.
  path: Assets/Art/NPC/woman/Idle/1.png
  artifactKey: Guid(a41a9ba6a32ae404f88082e27cd4e154) Importer(815301076,1909f56bfc062723c751e8b465ee728b)
Start importing Assets/Art/NPC/woman/Idle/1.png using Guid(a41a9ba6a32ae404f88082e27cd4e154) Importer(815301076,1909f56bfc062723c751e8b465ee728b)  -> (artifact id: 'a4c1a436fdc3448a18f1c856125ee991') in 0.014850 seconds
Number of updated asset objects reloaded before import = 0
Number of asset objects unloaded after import = 3
========================================================================
Received Import Request.
  Time since last request: 16.726771 seconds.
  path: Assets/Art/NPC/woman/Moving/1.png
  artifactKey: Guid(d31b5cd4ea676464c85246dfd1342a66) Importer(815301076,1909f56bfc062723c751e8b465ee728b)
Start importing Assets/Art/NPC/woman/Moving/1.png using Guid(d31b5cd4ea676464c85246dfd1342a66) Importer(815301076,1909f56bfc062723c751e8b465ee728b)  -> (artifact id: '8388920884cc9e08329e843f21de6ba3') in 0.018370 seconds
Number of updated asset objects reloaded before import = 0
Number of asset objects unloaded after import = 3
========================================================================
Received Import Request.
  Time since last request: 0.000019 seconds.
  path: Assets/Art/NPC/woman/Moving/5.png
  artifactKey: Guid(6ea67375ad5db8147bdc7079be504ffa) Importer(815301076,1909f56bfc062723c751e8b465ee728b)
Start importing Assets/Art/NPC/woman/Moving/5.png using Guid(6ea67375ad5db8147bdc7079be504ffa) Importer(815301076,1909f56bfc062723c751e8b465ee728b)  -> (artifact id: '55137edb953360da81b9b8981e08e6e6') in 0.011075 seconds
Number of updated asset objects reloaded before import = 0
Number of asset objects unloaded after import = 3
========================================================================
Received Import Request.
  Time since last request: 137.745657 seconds.
  path: Assets/Prefabs/InteractableNPC Variant.prefab
  artifactKey: Guid(f69bd414bdf032a4c8122c767581d695) Importer(815301076,1909f56bfc062723c751e8b465ee728b)
Start importing Assets/Prefabs/InteractableNPC Variant.prefab using Guid(f69bd414bdf032a4c8122c767581d695) Importer(815301076,1909f56bfc062723c751e8b465ee728b)  -> (artifact id: 'f601a0910011ad2fe906a00a1d5f4dcd') in 0.071026 seconds
Number of updated asset objects reloaded before import = 0
Number of asset objects unloaded after import = 54
========================================================================
Received Import Request.
  Time since last request: 0.000022 seconds.
  path: Assets/Prefabs/NPC.prefab
  artifactKey: Guid(c396997a7946d7646b2b32d77b50d4e3) Importer(815301076,1909f56bfc062723c751e8b465ee728b)
Start importing Assets/Prefabs/NPC.prefab using Guid(c396997a7946d7646b2b32d77b50d4e3) Importer(815301076,1909f56bfc062723c751e8b465ee728b)  -> (artifact id: 'e387717360ac550d980660bd3891f8b2') in 0.012875 seconds
Number of updated asset objects reloaded before import = 0
Number of asset objects unloaded after import = 24
========================================================================
Received Import Request.
  Time since last request: 10.294791 seconds.
  path: Assets/Prefabs/NPC Variant.prefab
  artifactKey: Guid(4b0af8046fcdbd249b4c72945f49790b) Importer(815301076,1909f56bfc062723c751e8b465ee728b)
Start importing Assets/Prefabs/NPC Variant.prefab using Guid(4b0af8046fcdbd249b4c72945f49790b) Importer(815301076,1909f56bfc062723c751e8b465ee728b)  -> (artifact id: '75d454df73b6508e5524c1cd333284b4') in 0.010568 seconds
Number of updated asset objects reloaded before import = 0
Number of asset objects unloaded after import = 37
========================================================================
Received Import Request.
  Time since last request: 9.474540 seconds.
  path: Assets/Prefabs/NPCMan.prefab
  artifactKey: Guid(4b0af8046fcdbd249b4c72945f49790b) Importer(815301076,1909f56bfc062723c751e8b465ee728b)
Start importing Assets/Prefabs/NPCMan.prefab using Guid(4b0af8046fcdbd249b4c72945f49790b) Importer(815301076,1909f56bfc062723c751e8b465ee728b)  -> (artifact id: 'fe3e31d76bd4d6fbf7111f8b7886f044') in 0.009967 seconds
Number of updated asset objects reloaded before import = 0
Number of asset objects unloaded after import = 37
========================================================================
Received Import Request.
  Time since last request: 262.154130 seconds.
  path: Assets/Animation/Animator/NPC_Idle.anim
  artifactKey: Guid(4f3bed41329e15140af5e166bd7c3fb9) Importer(815301076,1909f56bfc062723c751e8b465ee728b)
Start importing Assets/Animation/Animator/NPC_Idle.anim using Guid(4f3bed41329e15140af5e166bd7c3fb9) Importer(815301076,1909f56bfc062723c751e8b465ee728b)  -> (artifact id: '9c0055414a5a1b71c692b84ad2ff873d') in 0.002108 seconds
Number of updated asset objects reloaded before import = 0
Number of asset objects unloaded after import = 1
========================================================================
Received Import Request.
  Time since last request: 46.750438 seconds.
  path: Assets/Prefabs/NPC Variant.prefab
  artifactKey: Guid(2125c981508a88a49b4e86a52b90f6b7) Importer(815301076,1909f56bfc062723c751e8b465ee728b)
Start importing Assets/Prefabs/NPC Variant.prefab using Guid(2125c981508a88a49b4e86a52b90f6b7) Importer(815301076,1909f56bfc062723c751e8b465ee728b)  -> (artifact id: '30db4185eff1d131e4dd28c3b6ac0bb9') in 0.011539 seconds
Number of updated asset objects reloaded before import = 0
Number of asset objects unloaded after import = 48
========================================================================
Received Import Request.
  Time since last request: 7.216277 seconds.
  path: Assets/Prefabs/NPC Variant.prefab
  artifactKey: Guid(2125c981508a88a49b4e86a52b90f6b7) Importer(815301076,1909f56bfc062723c751e8b465ee728b)
Start importing Assets/Prefabs/NPC Variant.prefab using Guid(2125c981508a88a49b4e86a52b90f6b7) Importer(815301076,1909f56bfc062723c751e8b465ee728b)  -> (artifact id: 'b24a2e7449b24dac54bcd83340ca927e') in 0.001426 seconds
Number of updated asset objects reloaded before import = 0
Number of asset objects unloaded after import = 1
========================================================================
Received Import Request.
  Time since last request: 120.822364 seconds.
  path: Assets/Prefabs/NPCMan1.prefab
  artifactKey: Guid(2125c981508a88a49b4e86a52b90f6b7) Importer(815301076,1909f56bfc062723c751e8b465ee728b)
Start importing Assets/Prefabs/NPCMan1.prefab using Guid(2125c981508a88a49b4e86a52b90f6b7) Importer(815301076,1909f56bfc062723c751e8b465ee728b)  -> (artifact id: '82a01e24fb917f1b11ec6f7d1dd92938') in 0.011048 seconds
Number of updated asset objects reloaded before import = 0
Number of asset objects unloaded after import = 48
========================================================================
Received Import Request.
  Time since last request: 94.557297 seconds.
  path: Assets/Art/NPC/woman/Idle
  artifactKey: Guid(12aa579cbfb8a8c4080047f56f8b2243) Importer(815301076,1909f56bfc062723c751e8b465ee728b)
Start importing Assets/Art/NPC/woman/Idle using Guid(12aa579cbfb8a8c4080047f56f8b2243) Importer(815301076,1909f56bfc062723c751e8b465ee728b)  -> (artifact id: '578261307b3a87eaaaad13b83b20f063') in 0.000516 seconds
Number of updated asset objects reloaded before import = 0
Number of asset objects unloaded after import = 0
========================================================================
Received Prepare
Begin MonoManager ReloadAssembly
- Loaded All Assemblies, in  0.392 seconds
Refreshing native plugins compatible for Editor in 3.45 ms, found 4 plugins.
Native extension for WindowsStandalone target not found
Native extension for WebGL target not found
[Package Manager] Server::EnsureServerProcessIsRunning -- launch failed, reason: Unity was launched with the -noUpm command-line argument
[Package Manager] UpmClient::Send -- Unable to send message (not connected to UPM process).
[Package Manager] Cannot connect to Unity Package Manager local server
Mono: successfully reloaded assembly
- Finished resetting the current domain, in  0.742 seconds
Domain Reload Profiling: 1131ms
	BeginReloadAssembly (132ms)
		ExecutionOrderSort (0ms)
		DisableScriptedObjects (9ms)
		BackupInstance (0ms)
		ReleaseScriptingObjects (0ms)
		CreateAndSetChildDomain (32ms)
	RebuildCommonClasses (24ms)
	RebuildNativeTypeToScriptingClass (9ms)
	initialDomainReloadingComplete (25ms)
	LoadAllAssembliesAndSetupDomain (199ms)
		LoadAssemblies (252ms)
		RebuildTransferFunctionScriptingTraits (0ms)
		AnalyzeDomain (11ms)
			TypeCache.Refresh (5ms)
				TypeCache.ScanAssembly (0ms)
			ScanForSourceGeneratedMonoScriptInfo (0ms)
			ResolveRequiredComponents (4ms)
	FinalizeReload (742ms)
		ReleaseScriptCaches (0ms)
		RebuildScriptCaches (0ms)
		SetupLoadedEditorAssemblies (364ms)
			LogAssemblyErrors (0ms)
			InitializePlatformSupportModulesInManaged (5ms)
			SetLoadedEditorAssemblies (3ms)
			RefreshPlugins (0ms)
			BeforeProcessingInitializeOnLoad (77ms)
			ProcessInitializeOnLoadAttributes (246ms)
			ProcessInitializeOnLoadMethodAttributes (26ms)
			AfterProcessingInitializeOnLoad (7ms)
			EditorAssembliesLoaded (0ms)
		ExecutionOrderSort2 (0ms)
		AwakeInstancesAfterBackupRestoration (11ms)
Refreshing native plugins compatible for Editor in 4.97 ms, found 4 plugins.
Preloading 0 native plugins for Editor in 0.00 ms.
Unloading 4189 Unused Serialized files (Serialized files now loaded: 0)
Unloading 43 unused Assets / (288.3 KB). Loaded Objects now: 4709.
Memory consumption went from 160.3 MB to 160.0 MB.
Total: 3.547100 ms (FindLiveObjects: 0.340400 ms CreateObjectMapping: 0.108900 ms MarkObjects: 2.909200 ms  DeleteObjects: 0.187300 ms)

Prepare: number of updated asset objects reloaded= 0
AssetImportParameters requested are different than current active one (requested -> active):
  custom:container-demuxer-ogg: 62fdf1f143b41e24485cea50d1cbac27 -> 
  custom:video-codec-MediaFoundation-h265: 746d11721c4dcdbdad8f713fa42b33f4 -> 
  custom:video-decoder-ogg-theora: a1e56fd34408186e4bbccfd4996cb3dc -> 
  custom:framework-win-MediaFoundation: 216162199b28c13a410421893ffa2e32 -> 
  custom:CustomObjectIndexerAttribute: 756ad292c208cfabdd7b50bc23989ffe -> 
  custom:container-demuxer-webm: 4f35f7cbe854078d1ac9338744f61a02 -> 
  custom:container-muxer-webm: aa71ff27fc2769a1b78a27578f13a17b -> 
  custom:video-decoder-webm-vp8: 9c59270c3fd7afecdb556c50c9e8de78 -> 
  custom:SearchIndexIgnoredProperties: e643bd26f0fe6173181afceb89e7c659 -> 
  custom:AudioImporter_EditorPlatform: d09bf68614088b80899f8185d706f6e7 -> 
  custom:video-encoder-webm-vp8: eb34c28f22e8b96e1ab97ce403110664 -> 
  custom:audio-decoder-ogg-vorbis: bf7c407c2cedff20999df2af8eb42d56 -> 
  custom:audio-encoder-webm-vorbis: bf7c407c2cedff20999df2af8eb42d56 -> 
========================================================================
Received Import Request.
  Time since last request: 283.384862 seconds.
  path: Assets/Prefabs/NPCWoman.prefab
  artifactKey: Guid(a8df25a6a55aa1a4aa8f2d5eafe7ca59) Importer(815301076,1909f56bfc062723c751e8b465ee728b)
Start importing Assets/Prefabs/NPCWoman.prefab using Guid(a8df25a6a55aa1a4aa8f2d5eafe7ca59) Importer(815301076,1909f56bfc062723c751e8b465ee728b)  -> (artifact id: '20cd13b33b506ad60fd2accec6d31d46') in 0.053931 seconds
Number of updated asset objects reloaded before import = 0
Number of asset objects unloaded after import = 37
========================================================================
Received Import Request.
  Time since last request: 17.285584 seconds.
  path: Assets/Prefabs/NPCMan 1.prefab
  artifactKey: Guid(fc63165fdb485eb4f94f75bb52b4b9c5) Importer(815301076,1909f56bfc062723c751e8b465ee728b)
Start importing Assets/Prefabs/NPCMan 1.prefab using Guid(fc63165fdb485eb4f94f75bb52b4b9c5) Importer(815301076,1909f56bfc062723c751e8b465ee728b)  -> (artifact id: '8833ee118fb398e133fed605aeab5a90') in 0.009628 seconds
Number of updated asset objects reloaded before import = 0
Number of asset objects unloaded after import = 48
========================================================================
Received Prepare
Begin MonoManager ReloadAssembly
- Loaded All Assemblies, in  0.365 seconds
Refreshing native plugins compatible for Editor in 3.33 ms, found 4 plugins.
Native extension for WindowsStandalone target not found
Native extension for WebGL target not found
[Package Manager] Server::EnsureServerProcessIsRunning -- launch failed, reason: Unity was launched with the -noUpm command-line argument
[Package Manager] UpmClient::Send -- Unable to send message (not connected to UPM process).
[Package Manager] Cannot connect to Unity Package Manager local server
Mono: successfully reloaded assembly
- Finished resetting the current domain, in  0.801 seconds
Domain Reload Profiling: 1163ms
	BeginReloadAssembly (122ms)
		ExecutionOrderSort (0ms)
		DisableScriptedObjects (8ms)
		BackupInstance (0ms)
		ReleaseScriptingObjects (0ms)
		CreateAndSetChildDomain (28ms)
	RebuildCommonClasses (27ms)
	RebuildNativeTypeToScriptingClass (10ms)
	initialDomainReloadingComplete (24ms)
	LoadAllAssembliesAndSetupDomain (178ms)
		LoadAssemblies (228ms)
		RebuildTransferFunctionScriptingTraits (0ms)
		AnalyzeDomain (11ms)
			TypeCache.Refresh (5ms)
				TypeCache.ScanAssembly (0ms)
			ScanForSourceGeneratedMonoScriptInfo (0ms)
			ResolveRequiredComponents (4ms)
	FinalizeReload (801ms)
		ReleaseScriptCaches (0ms)
		RebuildScriptCaches (0ms)
		SetupLoadedEditorAssemblies (423ms)
			LogAssemblyErrors (0ms)
			InitializePlatformSupportModulesInManaged (6ms)
			SetLoadedEditorAssemblies (4ms)
			RefreshPlugins (0ms)
			BeforeProcessingInitializeOnLoad (91ms)
			ProcessInitializeOnLoadAttributes (289ms)
			ProcessInitializeOnLoadMethodAttributes (27ms)
			AfterProcessingInitializeOnLoad (7ms)
			EditorAssembliesLoaded (0ms)
		ExecutionOrderSort2 (0ms)
		AwakeInstancesAfterBackupRestoration (13ms)
Refreshing native plugins compatible for Editor in 5.51 ms, found 4 plugins.
Preloading 0 native plugins for Editor in 0.00 ms.
Unloading 4189 Unused Serialized files (Serialized files now loaded: 0)
Unloading 43 unused Assets / (287.8 KB). Loaded Objects now: 4725.
Memory consumption went from 162.3 MB to 162.0 MB.
Total: 3.218600 ms (FindLiveObjects: 0.217000 ms CreateObjectMapping: 0.096700 ms MarkObjects: 2.718400 ms  DeleteObjects: 0.185100 ms)

Prepare: number of updated asset objects reloaded= 0
AssetImportParameters requested are different than current active one (requested -> active):
  custom:container-demuxer-ogg: 62fdf1f143b41e24485cea50d1cbac27 -> 
  custom:video-codec-MediaFoundation-h265: 746d11721c4dcdbdad8f713fa42b33f4 -> 
  custom:video-decoder-ogg-theora: a1e56fd34408186e4bbccfd4996cb3dc -> 
  custom:framework-win-MediaFoundation: 216162199b28c13a410421893ffa2e32 -> 
  custom:CustomObjectIndexerAttribute: 756ad292c208cfabdd7b50bc23989ffe -> 
  custom:container-demuxer-webm: 4f35f7cbe854078d1ac9338744f61a02 -> 
  custom:container-muxer-webm: aa71ff27fc2769a1b78a27578f13a17b -> 
  custom:video-decoder-webm-vp8: 9c59270c3fd7afecdb556c50c9e8de78 -> 
  custom:SearchIndexIgnoredProperties: e643bd26f0fe6173181afceb89e7c659 -> 
  custom:AudioImporter_EditorPlatform: d09bf68614088b80899f8185d706f6e7 -> 
  custom:video-encoder-webm-vp8: eb34c28f22e8b96e1ab97ce403110664 -> 
  custom:audio-decoder-ogg-vorbis: bf7c407c2cedff20999df2af8eb42d56 -> 
  custom:audio-encoder-webm-vorbis: bf7c407c2cedff20999df2af8eb42d56 -> 
========================================================================
Received Import Request.
  Time since last request: 228.036741 seconds.
  path: Assets/Animation/Animator/NPCAnimator.controller
  artifactKey: Guid(f19c2fb60a2c7bb469346bfcdec4a981) Importer(815301076,1909f56bfc062723c751e8b465ee728b)
Start importing Assets/Animation/Animator/NPCAnimator.controller using Guid(f19c2fb60a2c7bb469346bfcdec4a981) Importer(815301076,1909f56bfc062723c751e8b465ee728b)  -> (artifact id: '422f478f89f4beb13261814e1f109416') in 0.011634 seconds
Number of updated asset objects reloaded before import = 0
Number of asset objects unloaded after import = 10
========================================================================
Received Import Request.
  Time since last request: 57.367585 seconds.
  path: Assets/Prefabs/InteractableNPC Variant.prefab
  artifactKey: Guid(f69bd414bdf032a4c8122c767581d695) Importer(815301076,1909f56bfc062723c751e8b465ee728b)
Start importing Assets/Prefabs/InteractableNPC Variant.prefab using Guid(f69bd414bdf032a4c8122c767581d695) Importer(815301076,1909f56bfc062723c751e8b465ee728b)  -> (artifact id: '709e12c507cc3650b211b14ca22c3a68') in 0.155749 seconds
Number of updated asset objects reloaded before import = 0
Number of asset objects unloaded after import = 73
========================================================================
Received Import Request.
  Time since last request: 0.000035 seconds.
  path: Assets/Prefabs/NPCWoman.prefab
  artifactKey: Guid(a8df25a6a55aa1a4aa8f2d5eafe7ca59) Importer(815301076,1909f56bfc062723c751e8b465ee728b)
Start importing Assets/Prefabs/NPCWoman.prefab using Guid(a8df25a6a55aa1a4aa8f2d5eafe7ca59) Importer(815301076,1909f56bfc062723c751e8b465ee728b)  -> (artifact id: 'bad9e43057576464439ee87d5a8855ec') in 0.022420 seconds
Number of updated asset objects reloaded before import = 0
Number of asset objects unloaded after import = 56
Editor requested this worker to shutdown with reason: Scaling down because of idle timeout
TcpMessagingSession - receive error: operation aborted. errorcode: 995, details: ÓÉÓÚĎßłĚÍËłö»ňÓ¦ÓĂłĚĐňÇëÇóŁ¬ŇŃÖĐÖą I/O ˛Ů×÷ˇŁ
AssetImportWorker is now disconnected from the server
Process exiting
Exiting without the bug reporter. Application will terminate with return code 0