Using pre-set license
Built from '2022.3/china_unity/release' branch; Version is '2022.3.13f1c1 (d214d547af8b) revision 13767893'; Using compiler version '192829333'; Build Type 'Release'
OS: 'Windows 11  (10.0.26200) 64bit CoreCountrySpecific' Language: 'zh' Physical Memory: 32048 MB
BatchMode: 1, IsHumanControllingUs: 0, StartBugReporterOnCrash: 0, Is64bit: 1, IsPro: 1

COMMAND LINE ARGUMENTS:
C:\Program Files\Unity\Hub\Editor\2022.3.13f1c1\Editor\Unity.exe
-adb2
-batchMode
-noUpm
-name
AssetImportWorker4
-projectPath
C:/Users/10632/Desktop/Sparkle2/GGJ2026
-logFile
Logs/AssetImportWorker4.log
-srvPort
58496
Successfully changed project path to: C:/Users/10632/Desktop/Sparkle2/GGJ2026
C:/Users/10632/Desktop/Sparkle2/GGJ2026
[UnityMemory] Configuration Parameters - Can be set up in boot.config
    "memorysetup-bucket-allocator-granularity=16"
    "memorysetup-bucket-allocator-bucket-count=8"
    "memorysetup-bucket-allocator-block-size=33554432"
    "memorysetup-bucket-allocator-block-count=8"
    "memorysetup-main-allocator-block-size=16777216"
    "memorysetup-thread-allocator-block-size=16777216"
    "memorysetup-gfx-main-allocator-block-size=16777216"
    "memorysetup-gfx-thread-allocator-block-size=16777216"
    "memorysetup-cache-allocator-block-size=4194304"
    "memorysetup-typetree-allocator-block-size=2097152"
    "memorysetup-profiler-bucket-allocator-granularity=16"
    "memorysetup-profiler-bucket-allocator-bucket-count=8"
    "memorysetup-profiler-bucket-allocator-block-size=33554432"
    "memorysetup-profiler-bucket-allocator-block-count=8"
    "memorysetup-profiler-allocator-block-size=16777216"
    "memorysetup-profiler-editor-allocator-block-size=1048576"
    "memorysetup-temp-allocator-size-main=16777216"
    "memorysetup-job-temp-allocator-block-size=2097152"
    "memorysetup-job-temp-allocator-block-size-background=1048576"
    "memorysetup-job-temp-allocator-reduction-small-platforms=262144"
    "memorysetup-allocator-temp-initial-block-size-main=262144"
    "memorysetup-allocator-temp-initial-block-size-worker=262144"
    "memorysetup-temp-allocator-size-background-worker=32768"
    "memorysetup-temp-allocator-size-job-worker=262144"
    "memorysetup-temp-allocator-size-preload-manager=33554432"
    "memorysetup-temp-allocator-size-nav-mesh-worker=65536"
    "memorysetup-temp-allocator-size-audio-worker=65536"
    "memorysetup-temp-allocator-size-cloud-worker=32768"
    "memorysetup-temp-allocator-size-gi-baking-worker=262144"
    "memorysetup-temp-allocator-size-gfx=262144"
Player connection [25940] Host "[IP] 172.20.10.2 [Port] 0 [Flags] 2 [Guid] 2842250663 [EditorId] 2842250663 [Version] 1048832 [Id] WindowsEditor(7,MOMO_s) [Debug] 1 [PackageName] WindowsEditor [ProjectName] Editor" joined multi-casting on [225.0.0.222:54997]...

Player connection [25940] Host "[IP] 172.20.10.2 [Port] 0 [Flags] 2 [Guid] 2842250663 [EditorId] 2842250663 [Version] 1048832 [Id] WindowsEditor(7,MOMO_s) [Debug] 1 [PackageName] WindowsEditor [ProjectName] Editor" joined alternative multi-casting on [225.0.0.222:34997]...

[Physics::Module] Initialized MultithreadedJobDispatcher with 31 workers.
Refreshing native plugins compatible for Editor in 96.32 ms, found 4 plugins.
Preloading 0 native plugins for Editor in 0.00 ms.
Initialize engine version: 2022.3.13f1c1 (d214d547af8b)
[Subsystems] Discovering subsystems at path C:/Program Files/Unity/Hub/Editor/2022.3.13f1c1/Editor/Data/Resources/UnitySubsystems
[Subsystems] Discovering subsystems at path C:/Users/10632/Desktop/Sparkle2/GGJ2026/Assets
GfxDevice: creating device client; threaded=0; jobified=0
Direct3D:
    Version:  Direct3D 11.0 [level 11.1]
    Renderer: NVIDIA GeForce RTX 5070 Ti Laptop GPU (ID=0x2f58)
    Vendor:   NVIDIA
    VRAM:     11856 MB
    Driver:   32.0.15.7709
Initialize mono
Mono path[0] = 'C:/Program Files/Unity/Hub/Editor/2022.3.13f1c1/Editor/Data/Managed'
Mono path[1] = 'C:/Program Files/Unity/Hub/Editor/2022.3.13f1c1/Editor/Data/MonoBleedingEdge/lib/mono/unityjit-win32'
Mono config path = 'C:/Program Files/Unity/Hub/Editor/2022.3.13f1c1/Editor/Data/MonoBleedingEdge/etc'
Using monoOptions --debugger-agent=transport=dt_socket,embedding=1,server=y,suspend=n,address=127.0.0.1:56156
Begin MonoManager ReloadAssembly
Registering precompiled unity dll's ...
Register platform support module: C:/Program Files/Unity/Hub/Editor/2022.3.13f1c1/Editor/Data/PlaybackEngines/WindowsStandaloneSupport/UnityEditor.WindowsStandalone.Extensions.dll
Registered in 0.036849 seconds.
- Loaded All Assemblies, in  0.711 seconds
Native extension for WindowsStandalone target not found
Mono: successfully reloaded assembly
- Finished resetting the current domain, in  0.372 seconds
Domain Reload Profiling: 1066ms
	BeginReloadAssembly (291ms)
		ExecutionOrderSort (0ms)
		DisableScriptedObjects (0ms)
		BackupInstance (0ms)
		ReleaseScriptingObjects (0ms)
		CreateAndSetChildDomain (1ms)
	RebuildCommonClasses (50ms)
	RebuildNativeTypeToScriptingClass (16ms)
	initialDomainReloadingComplete (154ms)
	LoadAllAssembliesAndSetupDomain (183ms)
		LoadAssemblies (263ms)
		RebuildTransferFunctionScriptingTraits (0ms)
		AnalyzeDomain (179ms)
			TypeCache.Refresh (177ms)
				TypeCache.ScanAssembly (159ms)
			ScanForSourceGeneratedMonoScriptInfo (1ms)
			ResolveRequiredComponents (1ms)
	FinalizeReload (373ms)
		ReleaseScriptCaches (0ms)
		RebuildScriptCaches (0ms)
		SetupLoadedEditorAssemblies (294ms)
			LogAssemblyErrors (0ms)
			InitializePlatformSupportModulesInManaged (20ms)
			SetLoadedEditorAssemblies (10ms)
			RefreshPlugins (0ms)
			BeforeProcessingInitializeOnLoad (3ms)
			ProcessInitializeOnLoadAttributes (184ms)
			ProcessInitializeOnLoadMethodAttributes (77ms)
			AfterProcessingInitializeOnLoad (0ms)
			EditorAssembliesLoaded (0ms)
		ExecutionOrderSort2 (0ms)
		AwakeInstancesAfterBackupRestoration (0ms)
========================================================================
Worker process is ready to serve import requests
Begin MonoManager ReloadAssembly
- Loaded All Assemblies, in  1.556 seconds
Refreshing native plugins compatible for Editor in 31.40 ms, found 4 plugins.
Native extension for WindowsStandalone target not found
Package Manager log level set to [2]
[Package Manager] Server::EnsureServerProcessIsRunning -- launch failed, reason: Unity was launched with the -noUpm command-line argument
[Package Manager] UpmClient::Send -- Unable to send message (not connected to UPM process).
[Package Manager] Cannot connect to Unity Package Manager local server
Mono: successfully reloaded assembly
- Finished resetting the current domain, in  1.054 seconds
Domain Reload Profiling: 2561ms
	BeginReloadAssembly (347ms)
		ExecutionOrderSort (0ms)
		DisableScriptedObjects (8ms)
		BackupInstance (0ms)
		ReleaseScriptingObjects (0ms)
		CreateAndSetChildDomain (28ms)
	RebuildCommonClasses (52ms)
	RebuildNativeTypeToScriptingClass (16ms)
	initialDomainReloadingComplete (140ms)
	LoadAllAssembliesAndSetupDomain (950ms)
		LoadAssemblies (929ms)
		RebuildTransferFunctionScriptingTraits (0ms)
		AnalyzeDomain (258ms)
			TypeCache.Refresh (218ms)
				TypeCache.ScanAssembly (194ms)
			ScanForSourceGeneratedMonoScriptInfo (29ms)
			ResolveRequiredComponents (9ms)
	FinalizeReload (1055ms)
		ReleaseScriptCaches (0ms)
		RebuildScriptCaches (0ms)
		SetupLoadedEditorAssemblies (825ms)
			LogAssemblyErrors (0ms)
			InitializePlatformSupportModulesInManaged (19ms)
			SetLoadedEditorAssemblies (5ms)
			RefreshPlugins (0ms)
			BeforeProcessingInitializeOnLoad (200ms)
			ProcessInitializeOnLoadAttributes (497ms)
			ProcessInitializeOnLoadMethodAttributes (52ms)
			AfterProcessingInitializeOnLoad (52ms)
			EditorAssembliesLoaded (0ms)
		ExecutionOrderSort2 (0ms)
		AwakeInstancesAfterBackupRestoration (17ms)
Launched and connected shader compiler UnityShaderCompiler.exe after 0.09 seconds
Refreshing native plugins compatible for Editor in 32.21 ms, found 4 plugins.
Preloading 0 native plugins for Editor in 0.00 ms.
Unloading 4213 Unused Serialized files (Serialized files now loaded: 0)
Unloading 77 unused Assets / (135.4 KB). Loaded Objects now: 4675.
Memory consumption went from 153.1 MB to 153.0 MB.
Total: 5.414200 ms (FindLiveObjects: 0.421200 ms CreateObjectMapping: 0.187500 ms MarkObjects: 4.606200 ms  DeleteObjects: 0.197700 ms)

AssetImportParameters requested are different than current active one (requested -> active):
  custom:container-demuxer-ogg: 62fdf1f143b41e24485cea50d1cbac27 -> 
  custom:video-codec-MediaFoundation-h265: 746d11721c4dcdbdad8f713fa42b33f4 -> 
  custom:video-decoder-ogg-theora: a1e56fd34408186e4bbccfd4996cb3dc -> 
  custom:framework-win-MediaFoundation: 216162199b28c13a410421893ffa2e32 -> 
  custom:CustomObjectIndexerAttribute: 756ad292c208cfabdd7b50bc23989ffe -> 
  custom:container-demuxer-webm: 4f35f7cbe854078d1ac9338744f61a02 -> 
  custom:container-muxer-webm: aa71ff27fc2769a1b78a27578f13a17b -> 
  custom:video-decoder-webm-vp8: 9c59270c3fd7afecdb556c50c9e8de78 -> 
  custom:SearchIndexIgnoredProperties: e643bd26f0fe6173181afceb89e7c659 -> 
  custom:AudioImporter_EditorPlatform: d09bf68614088b80899f8185d706f6e7 -> 
  custom:video-encoder-webm-vp8: eb34c28f22e8b96e1ab97ce403110664 -> 
  custom:audio-decoder-ogg-vorbis: bf7c407c2cedff20999df2af8eb42d56 -> 
  custom:audio-encoder-webm-vorbis: bf7c407c2cedff20999df2af8eb42d56 -> 
========================================================================
Received Prepare
Begin MonoManager ReloadAssembly
- Loaded All Assemblies, in  1.285 seconds
Refreshing native plugins compatible for Editor in 32.06 ms, found 4 plugins.
Native extension for WindowsStandalone target not found
[Package Manager] Server::EnsureServerProcessIsRunning -- launch failed, reason: Unity was launched with the -noUpm command-line argument
[Package Manager] UpmClient::Send -- Unable to send message (not connected to UPM process).
[Package Manager] Cannot connect to Unity Package Manager local server
Mono: successfully reloaded assembly
- Finished resetting the current domain, in  3.418 seconds
Domain Reload Profiling: 4644ms
	BeginReloadAssembly (372ms)
		ExecutionOrderSort (0ms)
		DisableScriptedObjects (16ms)
		BackupInstance (0ms)
		ReleaseScriptingObjects (0ms)
		CreateAndSetChildDomain (46ms)
	RebuildCommonClasses (50ms)
	RebuildNativeTypeToScriptingClass (16ms)
	initialDomainReloadingComplete (119ms)
	LoadAllAssembliesAndSetupDomain (668ms)
		LoadAssemblies (854ms)
		RebuildTransferFunctionScriptingTraits (0ms)
		AnalyzeDomain (37ms)
			TypeCache.Refresh (13ms)
				TypeCache.ScanAssembly (1ms)
			ScanForSourceGeneratedMonoScriptInfo (14ms)
			ResolveRequiredComponents (9ms)
	FinalizeReload (3418ms)
		ReleaseScriptCaches (0ms)
		RebuildScriptCaches (0ms)
		SetupLoadedEditorAssemblies (749ms)
			LogAssemblyErrors (0ms)
			InitializePlatformSupportModulesInManaged (19ms)
			SetLoadedEditorAssemblies (5ms)
			RefreshPlugins (0ms)
			BeforeProcessingInitializeOnLoad (212ms)
			ProcessInitializeOnLoadAttributes (404ms)
			ProcessInitializeOnLoadMethodAttributes (43ms)
			AfterProcessingInitializeOnLoad (67ms)
			EditorAssembliesLoaded (0ms)
		ExecutionOrderSort2 (0ms)
		AwakeInstancesAfterBackupRestoration (27ms)
Refreshing native plugins compatible for Editor in 41.58 ms, found 4 plugins.
Preloading 0 native plugins for Editor in 0.00 ms.
Unloading 4188 Unused Serialized files (Serialized files now loaded: 0)
Unloading 37 unused Assets / (106.5 KB). Loaded Objects now: 4692.
Memory consumption went from 149.0 MB to 148.9 MB.
Total: 4.952500 ms (FindLiveObjects: 0.390100 ms CreateObjectMapping: 0.160400 ms MarkObjects: 4.309700 ms  DeleteObjects: 0.091300 ms)

Prepare: number of updated asset objects reloaded= 0
AssetImportParameters requested are different than current active one (requested -> active):
  custom:container-demuxer-ogg: 62fdf1f143b41e24485cea50d1cbac27 -> 
  custom:video-codec-MediaFoundation-h265: 746d11721c4dcdbdad8f713fa42b33f4 -> 
  custom:video-decoder-ogg-theora: a1e56fd34408186e4bbccfd4996cb3dc -> 
  custom:framework-win-MediaFoundation: 216162199b28c13a410421893ffa2e32 -> 
  custom:CustomObjectIndexerAttribute: 756ad292c208cfabdd7b50bc23989ffe -> 
  custom:container-demuxer-webm: 4f35f7cbe854078d1ac9338744f61a02 -> 
  custom:container-muxer-webm: aa71ff27fc2769a1b78a27578f13a17b -> 
  custom:video-decoder-webm-vp8: 9c59270c3fd7afecdb556c50c9e8de78 -> 
  custom:SearchIndexIgnoredProperties: e643bd26f0fe6173181afceb89e7c659 -> 
  custom:AudioImporter_EditorPlatform: d09bf68614088b80899f8185d706f6e7 -> 
  custom:video-encoder-webm-vp8: eb34c28f22e8b96e1ab97ce403110664 -> 
  custom:audio-decoder-ogg-vorbis: bf7c407c2cedff20999df2af8eb42d56 -> 
  custom:audio-encoder-webm-vorbis: bf7c407c2cedff20999df2af8eb42d56 -> 
========================================================================
Received Import Request.
  Time since last request: 108926.616890 seconds.
  path: Assets/Scripts/Story/DialogueClick.cs
  artifactKey: Guid(640475082f79d7e439fe341fd88df3bc) Importer(815301076,1909f56bfc062723c751e8b465ee728b)
Start importing Assets/Scripts/Story/DialogueClick.cs using Guid(640475082f79d7e439fe341fd88df3bc) Importer(815301076,1909f56bfc062723c751e8b465ee728b)  -> (artifact id: 'afe98e4653a920efb6f3446a801486bd') in 0.003622 seconds
Number of updated asset objects reloaded before import = 0
Number of asset objects unloaded after import = 0
========================================================================
Received Import Request.
  Time since last request: 595.409603 seconds.
  path: Assets/Art/Player/Angel/MovingAttack/15.png
  artifactKey: Guid(8d33fd128dddf2044bf52b1caff58615) Importer(815301076,1909f56bfc062723c751e8b465ee728b)
Start importing Assets/Art/Player/Angel/MovingAttack/15.png using Guid(8d33fd128dddf2044bf52b1caff58615) Importer(815301076,1909f56bfc062723c751e8b465ee728b)  -> (artifact id: '4362d977848154b2de857a5eeb53cffd') in 0.155792 seconds
Number of updated asset objects reloaded before import = 0
Number of asset objects unloaded after import = 3
========================================================================
Received Import Request.
  Time since last request: 0.000030 seconds.
  path: Assets/Art/Player/Angel/MovingAttack/1.png
  artifactKey: Guid(8fabcea132ff5b44faf8209692e572f7) Importer(815301076,1909f56bfc062723c751e8b465ee728b)
Start importing Assets/Art/Player/Angel/MovingAttack/1.png using Guid(8fabcea132ff5b44faf8209692e572f7) Importer(815301076,1909f56bfc062723c751e8b465ee728b)  -> (artifact id: '7fab887a502d7f807cd1e10763998e98') in 0.044551 seconds
Number of updated asset objects reloaded before import = 0
Number of asset objects unloaded after import = 3
========================================================================
Received Import Request.
  Time since last request: 0.000097 seconds.
  path: Assets/Art/Player/Angel/IdleAttack/8.png
  artifactKey: Guid(e8162b8e5052e5b469749413a567cb63) Importer(815301076,1909f56bfc062723c751e8b465ee728b)
Start importing Assets/Art/Player/Angel/IdleAttack/8.png using Guid(e8162b8e5052e5b469749413a567cb63) Importer(815301076,1909f56bfc062723c751e8b465ee728b)  -> (artifact id: 'b9e61f5ece829c065df38ba78ec424b5') in 0.048831 seconds
Number of updated asset objects reloaded before import = 0
Number of asset objects unloaded after import = 3
========================================================================
Received Import Request.
  Time since last request: 0.000022 seconds.
  path: Assets/Art/Player/Angel/IdleAttack/2.png
  artifactKey: Guid(292b315fd97f8394fb2ecf4e1ca9cd5d) Importer(815301076,1909f56bfc062723c751e8b465ee728b)
Start importing Assets/Art/Player/Angel/IdleAttack/2.png using Guid(292b315fd97f8394fb2ecf4e1ca9cd5d) Importer(815301076,1909f56bfc062723c751e8b465ee728b)  -> (artifact id: 'dead333a3ec59a1ea59d5ac91bdd6b75') in 0.043595 seconds
Number of updated asset objects reloaded before import = 0
Number of asset objects unloaded after import = 3
========================================================================
Received Import Request.
  Time since last request: 0.000022 seconds.
  path: Assets/Art/Player/Angel/Idle/2.png
  artifactKey: Guid(42493969ba9482b45a46b5cf686d0afa) Importer(815301076,1909f56bfc062723c751e8b465ee728b)
Start importing Assets/Art/Player/Angel/Idle/2.png using Guid(42493969ba9482b45a46b5cf686d0afa) Importer(815301076,1909f56bfc062723c751e8b465ee728b)  -> (artifact id: '0893fca7a7dcd8ce744c63d3dbceb90a') in 0.047704 seconds
Number of updated asset objects reloaded before import = 0
Number of asset objects unloaded after import = 3
========================================================================
Received Import Request.
  Time since last request: 0.000020 seconds.
  path: Assets/Art/Player/Demon/IdleAttack/8.png
  artifactKey: Guid(03ef31c6e109b5d4db713080b4fd656f) Importer(815301076,1909f56bfc062723c751e8b465ee728b)
Start importing Assets/Art/Player/Demon/IdleAttack/8.png using Guid(03ef31c6e109b5d4db713080b4fd656f) Importer(815301076,1909f56bfc062723c751e8b465ee728b)  -> (artifact id: 'e908658df4ee1048147e21cdd4da6d99') in 0.047219 seconds
Number of updated asset objects reloaded before import = 0
Number of asset objects unloaded after import = 3
========================================================================
Received Import Request.
  Time since last request: 0.000052 seconds.
  path: Assets/Art/Player/Demon/IdleAttack/7.png
  artifactKey: Guid(a3929bc4e44342349a233015fe077494) Importer(815301076,1909f56bfc062723c751e8b465ee728b)
Start importing Assets/Art/Player/Demon/IdleAttack/7.png using Guid(a3929bc4e44342349a233015fe077494) Importer(815301076,1909f56bfc062723c751e8b465ee728b)  -> (artifact id: 'e894ed7e7249972269636dc90f35182c') in 0.049710 seconds
Number of updated asset objects reloaded before import = 0
Number of asset objects unloaded after import = 3
========================================================================
Received Import Request.
  Time since last request: 0.000028 seconds.
  path: Assets/Art/Player/Angel/Idle/1.png
  artifactKey: Guid(b4f2f9c161b4208459fdcb39ecc08051) Importer(815301076,1909f56bfc062723c751e8b465ee728b)
Start importing Assets/Art/Player/Angel/Idle/1.png using Guid(b4f2f9c161b4208459fdcb39ecc08051) Importer(815301076,1909f56bfc062723c751e8b465ee728b)  -> (artifact id: 'd6b4b6c2fef7b02022f457dedca95222') in 0.047445 seconds
Number of updated asset objects reloaded before import = 0
Number of asset objects unloaded after import = 3
========================================================================
Received Import Request.
  Time since last request: 0.000035 seconds.
  path: Assets/Art/Player/Angel/MovingAttack/8.png
  artifactKey: Guid(b5a2082965b3b154fbf28be9ea40af95) Importer(815301076,1909f56bfc062723c751e8b465ee728b)
Start importing Assets/Art/Player/Angel/MovingAttack/8.png using Guid(b5a2082965b3b154fbf28be9ea40af95) Importer(815301076,1909f56bfc062723c751e8b465ee728b)  -> (artifact id: '0a35df33180a0439e3a1b1ff599321b3') in 0.044063 seconds
Number of updated asset objects reloaded before import = 0
Number of asset objects unloaded after import = 3
========================================================================
Received Import Request.
  Time since last request: 0.000020 seconds.
  path: Assets/Art/Player/Angel/MovingAttack/2.png
  artifactKey: Guid(394695866715aca48aad9cfc3f2e9282) Importer(815301076,1909f56bfc062723c751e8b465ee728b)
Start importing Assets/Art/Player/Angel/MovingAttack/2.png using Guid(394695866715aca48aad9cfc3f2e9282) Importer(815301076,1909f56bfc062723c751e8b465ee728b)  -> (artifact id: 'd521f6d802426fc66633e66526c46be2') in 0.043977 seconds
Number of updated asset objects reloaded before import = 0
Number of asset objects unloaded after import = 3
========================================================================
Received Import Request.
  Time since last request: 0.000023 seconds.
  path: Assets/Art/Player/Demon/Idle/3.png
  artifactKey: Guid(53c59aa53812d254085bfdb5d7baa177) Importer(815301076,1909f56bfc062723c751e8b465ee728b)
Start importing Assets/Art/Player/Demon/Idle/3.png using Guid(53c59aa53812d254085bfdb5d7baa177) Importer(815301076,1909f56bfc062723c751e8b465ee728b)  -> (artifact id: '209fa6ba9a680a72ff66be62892e1f89') in 0.045023 seconds
Number of updated asset objects reloaded before import = 0
Number of asset objects unloaded after import = 3
Editor requested this worker to shutdown with reason: Scaling down because of idle timeout
TcpMessagingSession - receive error: operation aborted. errorcode: 995, details: ÓÉÓÚĎßłĚÍËłö»ňÓ¦ÓĂłĚĐňÇëÇóŁ¬ŇŃÖĐÖą I/O ˛Ů×÷ˇŁ
AssetImportWorker is now disconnected from the server
Process exiting
Exiting without the bug reporter. Application will terminate with return code 0